[Wed Dec 17 02:36:12.472780 2025] [ssl:warn] [pid 1272:tid 236] AH01909: www.example.com:443:0 server certificate does NOT include an ID which matches the server name
[Wed Dec 17 02:36:12.508274 2025] [ssl:warn] [pid 1272:tid 236] AH01909: www.example.com:443:0 server certificate does NOT include an ID which matches the server name
[Wed Dec 17 02:36:12.544608 2025] [mpm_winnt:notice] [pid 1272:tid 236] AH00455: Apache/2.4.58 (Win64) OpenSSL/3.1.3 PHP/8.2.12 configured -- resuming normal operations
[Wed Dec 17 02:36:12.544608 2025] [mpm_winnt:notice] [pid 1272:tid 236] AH00456: Apache Lounge VS17 Server built: Oct 18 2023 13:03:18
[Wed Dec 17 02:36:12.544608 2025] [core:notice] [pid 1272:tid 236] AH00094: Command line: 'C:\\xampp\\apache\\bin\\httpd.exe -d C:/xampp/apache'
[Wed Dec 17 02:36:12.549678 2025] [mpm_winnt:notice] [pid 1272:tid 236] AH00418: Parent: Created child process 10908
[Wed Dec 17 02:36:12.888867 2025] [ssl:warn] [pid 10908:tid 456] AH01909: www.example.com:443:0 server certificate does NOT include an ID which matches the server name
[Wed Dec 17 02:36:12.915869 2025] [ssl:warn] [pid 10908:tid 456] AH01909: www.example.com:443:0 server certificate does NOT include an ID which matches the server name
[Wed Dec 17 02:36:12.946868 2025] [mpm_winnt:notice] [pid 10908:tid 456] AH00354: Child: Starting 150 worker threads.
[Thu Dec 18 17:33:47.811135 2025] [ssl:warn] [pid 24412:tid 448] AH01909: www.example.com:443:0 server certificate does NOT include an ID which matches the server name
[Thu Dec 18 17:33:47.836546 2025] [ssl:warn] [pid 24412:tid 448] AH01909: www.example.com:443:0 server certificate does NOT include an ID which matches the server name
[Thu Dec 18 17:33:48.314359 2025] [mpm_winnt:notice] [pid 24412:tid 448] AH00455: Apache/2.4.58 (Win64) OpenSSL/3.1.3 PHP/8.2.12 configured -- resuming normal operations
[Thu Dec 18 17:33:48.314359 2025] [mpm_winnt:notice] [pid 24412:tid 448] AH00456: Apache Lounge VS17 Server built: Oct 18 2023 13:03:18
[Thu Dec 18 17:33:48.314359 2025] [core:notice] [pid 24412:tid 448] AH00094: Command line: 'c:\\xampp\\apache\\bin\\httpd.exe -d C:/xampp/apache'
[Thu Dec 18 17:33:48.321246 2025] [mpm_winnt:notice] [pid 24412:tid 448] AH00418: Parent: Created child process 24976
[Thu Dec 18 17:33:48.568870 2025] [ssl:warn] [pid 24976:tid 444] AH01909: www.example.com:443:0 server certificate does NOT include an ID which matches the server name
[Thu Dec 18 17:33:48.597922 2025] [ssl:warn] [pid 24976:tid 444] AH01909: www.example.com:443:0 server certificate does NOT include an ID which matches the server name
[Thu Dec 18 17:33:48.629403 2025] [mpm_winnt:notice] [pid 24976:tid 444] AH00354: Child: Starting 150 worker threads.
[Thu Dec 18 18:32:46.719109 2025] [php:warn] [pid 24976:tid 1912] [client ::1:61134] PHP Warning:  file_get_contents(C:\\xampp\\htdocs\\wordpress/wp-content/plugins/nrkbetaquiz/nrkbetaquiz.php): Failed to open stream: Permission denied in C:\\xampp\\htdocs\\wordpress\\wp-includes\\functions.php on line 6910, referer: http://localhost/wordpress/wp-admin/
[Thu Dec 18 18:33:19.923838 2025] [php:warn] [pid 24976:tid 1916] [client ::1:61062] PHP Warning:  file_get_contents(C:\\xampp\\htdocs\\wordpress/wp-content/plugins/nrkbetaquiz/nrkbetaquiz.php): Failed to open stream: Permission denied in C:\\xampp\\htdocs\\wordpress\\wp-includes\\functions.php on line 6910, referer: http://localhost/wordpress/wp-admin/plugins.php
[Thu Dec 18 18:33:25.492353 2025] [php:warn] [pid 24976:tid 1916] [client ::1:61062] PHP Warning:  file_get_contents(C:\\xampp\\htdocs\\wordpress/wp-content/plugins/nrkbetaquiz/nrkbetaquiz.php): Failed to open stream: Permission denied in C:\\xampp\\htdocs\\wordpress\\wp-includes\\functions.php on line 6910, referer: http://localhost/wordpress/wp-admin/plugins.php
[Thu Dec 18 18:33:46.421529 2025] [php:warn] [pid 24976:tid 1912] [client ::1:61684] PHP Warning:  file_get_contents(C:\\xampp\\htdocs\\wordpress/wp-content/plugins/nrkbetaquiz/nrkbetaquiz.php): Failed to open stream: Permission denied in C:\\xampp\\htdocs\\wordpress\\wp-includes\\functions.php on line 6910, referer: http://localhost/wordpress/wp-admin/plugins.php?s=NRKBeta%20Know2Comment&plugin_status=all
[Thu Dec 18 19:11:41.354238 2025] [php:error] [pid 24976:tid 1924] [client ::1:49819] PHP Parse error:  syntax error, unexpected token "<", expecting end of file in C:\\xampp\\htdocs\\wordpress\\wp-content\\plugins\\nrkbetaquiz\\nrkbetaquiz.php on line 47, referer: http://localhost/wordpress/wp-admin/options-discussion.php
[Thu Dec 18 19:11:42.635195 2025] [php:error] [pid 24976:tid 1924] [client ::1:49167] PHP Parse error:  syntax error, unexpected token "<", expecting end of file in C:\\xampp\\htdocs\\wordpress\\wp-content\\plugins\\nrkbetaquiz\\nrkbetaquiz.php on line 47, referer: http://localhost/wordpress/wp-admin/options-discussion.php
[Thu Dec 18 19:11:48.526748 2025] [php:error] [pid 24976:tid 1956] [client ::1:55238] PHP Parse error:  syntax error, unexpected token "<", expecting end of file in C:\\xampp\\htdocs\\wordpress\\wp-content\\plugins\\nrkbetaquiz\\nrkbetaquiz.php on line 47, referer: http://localhost/wordpress/wp-admin/options-general.php
[Thu Dec 18 19:11:51.092665 2025] [php:error] [pid 24976:tid 1924] [client ::1:63184] PHP Parse error:  syntax error, unexpected token "<", expecting end of file in C:\\xampp\\htdocs\\wordpress\\wp-content\\plugins\\nrkbetaquiz\\nrkbetaquiz.php on line 47, referer: http://localhost/wordpress/wp-admin/edit.php
[Thu Dec 18 19:11:52.592659 2025] [php:error] [pid 24976:tid 1956] [client ::1:56461] PHP Parse error:  syntax error, unexpected token "<", expecting end of file in C:\\xampp\\htdocs\\wordpress\\wp-content\\plugins\\nrkbetaquiz\\nrkbetaquiz.php on line 47, referer: http://localhost/wordpress/wp-admin/plugins.php
[Thu Dec 18 19:12:00.451921 2025] [php:error] [pid 24976:tid 1924] [client ::1:54335] PHP Parse error:  syntax error, unexpected token "<", expecting end of file in C:\\xampp\\htdocs\\wordpress\\wp-content\\plugins\\nrkbetaquiz\\nrkbetaquiz.php on line 47, referer: http://localhost/wordpress/wp-admin/post.php?post=6&action=edit
[Thu Dec 18 22:50:44.660050 2025] [php:error] [pid 24976:tid 1920] [client ::1:62117] PHP Parse error:  Unclosed '{' on line 98 does not match ')' in C:\\xampp\\htdocs\\wordpress\\wp-content\\plugins\\nrkbetaquiz\\nrkbetaquiz.php on line 168
[Thu Dec 18 22:50:51.221577 2025] [php:error] [pid 24976:tid 1772] [client ::1:57830] PHP Parse error:  Unclosed '{' on line 98 does not match ')' in C:\\xampp\\htdocs\\wordpress\\wp-content\\plugins\\nrkbetaquiz\\nrkbetaquiz.php on line 168, referer: http://localhost/wordpress/2025/12/18/quiz-test/
[Thu Dec 18 22:51:14.309581 2025] [php:error] [pid 24976:tid 1772] [client ::1:54330] PHP Parse error:  Unclosed '{' on line 98 does not match ')' in C:\\xampp\\htdocs\\wordpress\\wp-content\\plugins\\nrkbetaquiz\\nrkbetaquiz.php on line 168, referer: http://localhost/wordpress/wp-admin/edit.php
[Thu Dec 18 23:02:30.234503 2025] [php:error] [pid 24976:tid 1920] [client ::1:58894] PHP Parse error:  syntax error, unexpected token "<", expecting end of file in C:\\xampp\\htdocs\\wordpress\\wp-content\\plugins\\nrkbetaquiz\\nrkbetaquiz.php on line 166, referer: http://localhost/wordpress/2025/12/18/quiz-test/
[Thu Dec 18 23:03:24.357796 2025] [php:error] [pid 24976:tid 1772] [client ::1:59229] PHP Parse error:  syntax error, unexpected token "<", expecting end of file in C:\\xampp\\htdocs\\wordpress\\wp-content\\plugins\\nrkbetaquiz\\nrkbetaquiz.php on line 166, referer: http://localhost/wordpress/2025/12/18/quiz-test/
[Fri Dec 19 00:45:36.504927 2025] [php:error] [pid 24976:tid 1784] [client ::1:54563] PHP Fatal error:  Cannot redeclare quiz_generator_render() (previously declared in C:\\xampp\\htdocs\\wordpress\\wp-content\\plugins\\nrkbetaquiz\\nrkbetaquiz.php:109) in C:\\xampp\\htdocs\\wordpress\\wp-content\\plugins\\quiz-generator-pro.php on line 102
[Fri Dec 19 00:46:08.435971 2025] [php:error] [pid 24976:tid 1784] [client ::1:55169] PHP Fatal error:  Cannot redeclare quiz_generator_render() (previously declared in C:\\xampp\\htdocs\\wordpress\\wp-content\\plugins\\nrkbetaquiz\\nrkbetaquiz.php:109) in C:\\xampp\\htdocs\\wordpress\\wp-content\\plugins\\quiz-generator-pro.php on line 102, referer: http://localhost/wordpress/wp-admin/post.php?post=10&action=edit
[Fri Dec 19 02:32:19.974462 2025] [php:error] [pid 24976:tid 1916] [client ::1:58175] PHP Parse error:  syntax error, unexpected token "<", expecting end of file in C:\\xampp\\htdocs\\wordpress\\wp-content\\plugins\\nrkbetaquiz\\nrkbetaquiz.php on line 60
[Fri Dec 19 02:32:21.841415 2025] [php:error] [pid 24976:tid 1916] [client ::1:61462] PHP Parse error:  syntax error, unexpected token "<", expecting end of file in C:\\xampp\\htdocs\\wordpress\\wp-content\\plugins\\nrkbetaquiz\\nrkbetaquiz.php on line 60
[Sat Dec 20 11:28:32.006820 2025] [ssl:warn] [pid 15472:tid 484] AH01909: www.example.com:443:0 server certificate does NOT include an ID which matches the server name
[Sat Dec 20 11:28:32.046448 2025] [core:warn] [pid 15472:tid 484] AH00098: pid file C:/xampp/apache/logs/httpd.pid overwritten -- Unclean shutdown of previous Apache run?
[Sat Dec 20 11:28:32.046448 2025] [ssl:warn] [pid 15472:tid 484] AH01909: www.example.com:443:0 server certificate does NOT include an ID which matches the server name
[Sat Dec 20 11:28:32.555509 2025] [mpm_winnt:notice] [pid 15472:tid 484] AH00455: Apache/2.4.58 (Win64) OpenSSL/3.1.3 PHP/8.2.12 configured -- resuming normal operations
[Sat Dec 20 11:28:32.557518 2025] [mpm_winnt:notice] [pid 15472:tid 484] AH00456: Apache Lounge VS17 Server built: Oct 18 2023 13:03:18
[Sat Dec 20 11:28:32.557518 2025] [core:notice] [pid 15472:tid 484] AH00094: Command line: 'c:\\xampp\\apache\\bin\\httpd.exe -d C:/xampp/apache'
[Sat Dec 20 11:28:32.557518 2025] [mpm_winnt:notice] [pid 15472:tid 484] AH00418: Parent: Created child process 17916
[Sat Dec 20 11:28:32.816894 2025] [ssl:warn] [pid 17916:tid 472] AH01909: www.example.com:443:0 server certificate does NOT include an ID which matches the server name
[Sat Dec 20 11:28:32.832550 2025] [ssl:warn] [pid 17916:tid 472] AH01909: www.example.com:443:0 server certificate does NOT include an ID which matches the server name
[Sat Dec 20 11:28:32.874048 2025] [mpm_winnt:notice] [pid 17916:tid 472] AH00354: Child: Starting 150 worker threads.
[Wed Dec 24 23:18:50.284807 2025] [ssl:warn] [pid 4988:tid 472] AH01909: www.example.com:443:0 server certificate does NOT include an ID which matches the server name
[Wed Dec 24 23:18:50.316672 2025] [core:warn] [pid 4988:tid 472] AH00098: pid file C:/xampp/apache/logs/httpd.pid overwritten -- Unclean shutdown of previous Apache run?
[Wed Dec 24 23:18:50.324356 2025] [ssl:warn] [pid 4988:tid 472] AH01909: www.example.com:443:0 server certificate does NOT include an ID which matches the server name
[Wed Dec 24 23:18:50.766827 2025] [mpm_winnt:notice] [pid 4988:tid 472] AH00455: Apache/2.4.58 (Win64) OpenSSL/3.1.3 PHP/8.2.12 configured -- resuming normal operations
[Wed Dec 24 23:18:50.766827 2025] [mpm_winnt:notice] [pid 4988:tid 472] AH00456: Apache Lounge VS17 Server built: Oct 18 2023 13:03:18
[Wed Dec 24 23:18:50.766827 2025] [core:notice] [pid 4988:tid 472] AH00094: Command line: 'c:\\xampp\\apache\\bin\\httpd.exe -d C:/xampp/apache'
[Wed Dec 24 23:18:50.766827 2025] [mpm_winnt:notice] [pid 4988:tid 472] AH00418: Parent: Created child process 19240
[Wed Dec 24 23:18:51.016173 2025] [ssl:warn] [pid 19240:tid 460] AH01909: www.example.com:443:0 server certificate does NOT include an ID which matches the server name
